0 info it worked if it ends with ok
1 verbose cli [ '/Users/vntahal/.nvm/versions/node/v6.2.2/bin/node',
1 verbose cli   '/Users/vntahal/.nvm/versions/node/v6.2.2/bin/npm',
1 verbose cli   'start' ]
2 info using npm@3.9.5
3 info using node@v6.2.2
4 verbose stack Error: Failed to parse json
4 verbose stack Unexpected token 'n' at 29:6
4 verbose stack     "node": "4.1.1"
4 verbose stack      ^
4 verbose stack     at parseError (/Users/vntahal/.nvm/versions/node/v6.2.2/lib/node_modules/npm/node_modules/read-package-json/read-json.js:390:11)
4 verbose stack     at parseJson (/Users/vntahal/.nvm/versions/node/v6.2.2/lib/node_modules/npm/node_modules/read-package-json/read-json.js:79:23)
4 verbose stack     at /Users/vntahal/.nvm/versions/node/v6.2.2/lib/node_modules/npm/node_modules/read-package-json/read-json.js:48:5
4 verbose stack     at /Users/vntahal/.nvm/versions/node/v6.2.2/lib/node_modules/npm/node_modules/graceful-fs/graceful-fs.js:78:16
4 verbose stack     at tryToString (fs.js:449:3)
4 verbose stack     at FSReqWrap.readFileAfterClose [as oncomplete] (fs.js:436:12)
5 verbose cwd /Users/vntahal/dev/repositories/courses/alura/node/casadocodigo
6 error Darwin 15.3.0
7 error argv "/Users/vntahal/.nvm/versions/node/v6.2.2/bin/node" "/Users/vntahal/.nvm/versions/node/v6.2.2/bin/npm" "start"
8 error node v6.2.2
9 error npm  v3.9.5
10 error file /Users/vntahal/dev/repositories/courses/alura/node/casadocodigo/package.json
11 error code EJSONPARSE
12 error Failed to parse json
12 error Unexpected token 'n' at 29:6
12 error     "node": "4.1.1"
12 error      ^
13 error File: /Users/vntahal/dev/repositories/courses/alura/node/casadocodigo/package.json
14 error Failed to parse package.json data.
14 error package.json must be actual JSON, not just JavaScript.
14 error
14 error This is not a bug in npm.
14 error Tell the package author to fix their package.json file. JSON.parse
15 verbose exit [ 1, true ]
